0 info it worked if it ends with ok
1 verbose cli [ '/usr/local/node/bin/node',
1 verbose cli   '/usr/local/node/bin/npm',
1 verbose cli   'install' ]
2 info using npm@1.4.3
3 info using node@v0.10.26
4 verbose readDependencies using package.json deps
5 verbose install where, deps [ '/Users/chadcampbell/Documents/Code/portfolio',
5 verbose install   [ 'express',
5 verbose install     'lodash',
5 verbose install     'moment',
5 verbose install     'mongodb',
5 verbose install     'jade',
5 verbose install     'express-less',
5 verbose install     'body-parser',
5 verbose install     'morgan',
5 verbose install     'method-override',
5 verbose install     'traceur',
5 verbose install     'socket.io',
5 verbose install     'bcrypt',
5 verbose install     'cookie-session',
5 verbose install     'cookies',
5 verbose install     'multiparty',
5 verbose install     'fs',
5 verbose install     'grunt',
5 verbose install     'grunt-contrib-jshint',
5 verbose install     'jshint-stylish',
5 verbose install     'grunt-contrib-watch' ] ]
6 info preinstall server-template@0.0.1
7 verbose readDependencies using package.json deps
8 verbose already installed skipping moment@* /Users/chadcampbell/Documents/Code/portfolio
9 verbose already installed skipping express@* /Users/chadcampbell/Documents/Code/portfolio
10 verbose already installed skipping lodash@* /Users/chadcampbell/Documents/Code/portfolio
11 verbose already installed skipping jade@* /Users/chadcampbell/Documents/Code/portfolio
12 verbose already installed skipping mongodb@* /Users/chadcampbell/Documents/Code/portfolio
13 verbose already installed skipping express-less@* /Users/chadcampbell/Documents/Code/portfolio
14 verbose already installed skipping body-parser@* /Users/chadcampbell/Documents/Code/portfolio
15 verbose already installed skipping morgan@* /Users/chadcampbell/Documents/Code/portfolio
16 verbose already installed skipping traceur@* /Users/chadcampbell/Documents/Code/portfolio
17 verbose already installed skipping method-override@* /Users/chadcampbell/Documents/Code/portfolio
18 verbose already installed skipping socket.io@* /Users/chadcampbell/Documents/Code/portfolio
19 verbose already installed skipping bcrypt@* /Users/chadcampbell/Documents/Code/portfolio
20 verbose already installed skipping cookie-session@* /Users/chadcampbell/Documents/Code/portfolio
21 verbose already installed skipping cookies@* /Users/chadcampbell/Documents/Code/portfolio
22 verbose cache add [ 'fs@*', null ]
23 verbose cache add name=undefined spec="fs@*" args=["fs@*",null]
24 verbose parsed url { protocol: null,
24 verbose parsed url   slashes: null,
24 verbose parsed url   auth: null,
24 verbose parsed url   host: null,
24 verbose parsed url   port: null,
24 verbose parsed url   hostname: null,
24 verbose parsed url   hash: null,
24 verbose parsed url   search: null,
24 verbose parsed url   query: null,
24 verbose parsed url   pathname: 'fs@*',
24 verbose parsed url   path: 'fs@*',
24 verbose parsed url   href: 'fs@*' }
25 verbose cache add name="fs" spec="*" args=["fs","*"]
26 verbose parsed url { protocol: null,
26 verbose parsed url   slashes: null,
26 verbose parsed url   auth: null,
26 verbose parsed url   host: null,
26 verbose parsed url   port: null,
26 verbose parsed url   hostname: null,
26 verbose parsed url   hash: null,
26 verbose parsed url   search: null,
26 verbose parsed url   query: null,
26 verbose parsed url   pathname: '*',
26 verbose parsed url   path: '*',
26 verbose parsed url   href: '*' }
27 verbose addNamed [ 'fs', '*' ]
28 verbose addNamed [ null, '*' ]
29 verbose already installed skipping multiparty@* /Users/chadcampbell/Documents/Code/portfolio
30 verbose already installed skipping grunt@* /Users/chadcampbell/Documents/Code/portfolio
31 silly lockFile d8bf140d-fs fs@*
32 verbose lock fs@* /Users/chadcampbell/.npm/d8bf140d-fs.lock
33 verbose already installed skipping grunt-contrib-jshint@* /Users/chadcampbell/Documents/Code/portfolio
34 silly addNameRange { name: 'fs', range: '*', hasData: false }
35 verbose already installed skipping jshint-stylish@* /Users/chadcampbell/Documents/Code/portfolio
36 verbose url raw fs
37 verbose url resolving [ 'https://registry.npmjs.org/', './fs' ]
38 verbose url resolved https://registry.npmjs.org/fs
39 info trying registry request attempt 1 at 15:45:50
40 http GET https://registry.npmjs.org/fs
41 verbose already installed skipping grunt-contrib-watch@* /Users/chadcampbell/Documents/Code/portfolio
42 http 404 https://registry.npmjs.org/fs
43 silly registry.get cb [ 404,
43 silly registry.get   { date: 'Wed, 28 May 2014 20:45:50 GMT',
43 silly registry.get     server: 'CouchDB/1.5.0 (Erlang OTP/R14B04)',
43 silly registry.get     'content-type': 'application/json',
43 silly registry.get     via: '1.1 varnish',
43 silly registry.get     'cache-control': 'max-age=0',
43 silly registry.get     'content-length': '52',
43 silly registry.get     'accept-ranges': 'bytes',
43 silly registry.get     age: '0',
43 silly registry.get     'x-served-by': 'cache-v37-ASH, cache-jfk1027-JFK',
43 silly registry.get     'x-cache': 'MISS, MISS',
43 silly registry.get     'x-cache-hits': '0, 0',
43 silly registry.get     'x-timer': 'S1401309950.679139,VS0,VE110',
43 silly registry.get     'keep-alive': 'timeout=10, max=50',
43 silly registry.get     connection: 'Keep-Alive' } ]
44 silly lockFile d8bf140d-fs fs@*
45 silly lockFile d8bf140d-fs fs@*
46 error 404 'fs' is not in the npm registry.
46 error 404 You should bug the author to publish it
46 error 404 It was specified as a dependency of 'server-template'
46 error 404
46 error 404 Note that you can also install from a
46 error 404 tarball, folder, or http url, or git url.
47 error System Darwin 13.2.0
48 error command "/usr/local/node/bin/node" "/usr/local/node/bin/npm" "install"
49 error cwd /Users/chadcampbell/Documents/Code/portfolio
50 error node -v v0.10.26
51 error npm -v 1.4.3
52 error code E404
53 verbose exit [ 1, true ]
